# JRE version: Java(TM) SE Runtime Environment (8.0_401) (build 1.8.0_401-b10)
# Java VM: Java HotSpot(TM) 64-Bit Server VM (25.401-b10 mixed mode windows-amd64 compressed oops)
Heap:
 PSYoungGen      total 28672K, used 4589K [0x00000000e0500000, 0x00000000e3d00000, 0x0000000100000000)
  eden space 24576K, 2% used [0x00000000e0500000,0x00000000e057f658,0x00000000e1d00000)
  from space 4096K, 99% used [0x00000000e1d00000,0x00000000e20fc050,0x00000000e2100000)
  to   space 4096K, 0% used [0x00000000e3900000,0x00000000e3900000,0x00000000e3d00000)
 ParOldGen       total 65536K, used 4439K [0x00000000a0e00000, 0x00000000a4e00000, 0x00000000e0500000)
  object space 65536K, 6% used [0x00000000a0e00000,0x00000000a1255c88,0x00000000a4e00000)
 Metaspace       used 13469K, capacity 13630K, committed 13824K, reserved 1060864K
  class space    used 1684K, capacity 1778K, committed 1792K, reserved 1048576K
GC Heap History (6 events):
Event: 1.893 GC heap before
{Heap before GC invocations=1 (full 0):
 PSYoungGen      total 28672K, used 24576K [0x00000000e0500000, 0x00000000e2500000, 0x0000000100000000)
  eden space 24576K, 100% used [0x00000000e0500000,0x00000000e1d00000,0x00000000e1d00000)
  from space 4096K, 0% used [0x00000000e2100000,0x00000000e2100000,0x00000000e2500000)
  to   space 4096K, 0% used [0x00000000e1d00000,0x00000000e1d00000,0x00000000e2100000)
 ParOldGen       total 65536K, used 0K [0x00000000a0e00000, 0x00000000a4e00000, 0x00000000e0500000)
  object space 65536K, 0% used [0x00000000a0e00000,0x00000000a0e00000,0x00000000a4e00000)
 Metaspace       used 7958K, capacity 8092K, committed 8192K, reserved 1056768K
  class space    used 960K, capacity 1016K, committed 1024K, reserved 1048576K
Event: 1.904 GC heap after
Heap after GC invocations=1 (full 0):
 PSYoungGen      total 28672K, used 4064K [0x00000000e0500000, 0x00000000e2500000, 0x0000000100000000)
  eden space 24576K, 0% used [0x00000000e0500000,0x00000000e0500000,0x00000000e1d00000)
  from space 4096K, 99% used [0x00000000e1d00000,0x00000000e20f8200,0x00000000e2100000)
  to   space 4096K, 0% used [0x00000000e2100000,0x00000000e2100000,0x00000000e2500000)
 ParOldGen       total 65536K, used 728K [0x00000000a0e00000, 0x00000000a4e00000, 0x00000000e0500000)
  object space 65536K, 1% used [0x00000000a0e00000,0x00000000a0eb60e0,0x00000000a4e00000)
 Metaspace       used 7958K, capacity 8092K, committed 8192K, reserved 1056768K
  class space    used 960K, capacity 1016K, committed 1024K, reserved 1048576K
}
Event: 2.882 GC heap before
{Heap before GC invocations=2 (full 0):
 PSYoungGen      total 28672K, used 28640K [0x00000000e0500000, 0x00000000e2500000, 0x0000000100000000)
  eden space 24576K, 100% used [0x00000000e0500000,0x00000000e1d00000,0x00000000e1d00000)
  from space 4096K, 99% used [0x00000000e1d00000,0x00000000e20f8200,0x00000000e2100000)
  to   space 4096K, 0% used [0x00000000e2100000,0x00000000e2100000,0x00000000e2500000)
 ParOldGen       total 65536K, used 728K [0x00000000a0e00000, 0x00000000a4e00000, 0x00000000e0500000)
  object space 65536K, 1% used [0x00000000a0e00000,0x00000000a0eb60e0,0x00000000a4e00000)
 Metaspace       used 10272K, capacity 10398K, committed 10624K, reserved 1058816K
  class space    used 1254K, capacity 1314K, committed 1408K, reserved 1048576K
Event: 2.896 GC heap after
Heap after GC invocations=2 (full 0):
 PSYoungGen      total 28672K, used 4073K [0x00000000e0500000, 0x00000000e2500000, 0x0000000100000000)
  eden space 24576K, 0% used [0x00000000e0500000,0x00000000e0500000,0x00000000e1d00000)
  from space 4096K, 99% used [0x00000000e2100000,0x00000000e24fa498,0x00000000e2500000)
  to   space 4096K, 0% used [0x00000000e1d00000,0x00000000e1d00000,0x00000000e2100000)
 ParOldGen       total 65536K, used 2250K [0x00000000a0e00000, 0x00000000a4e00000, 0x00000000e0500000)
  object space 65536K, 3% used [0x00000000a0e00000,0x00000000a1032ba0,0x00000000a4e00000)
 Metaspace       used 10272K, capacity 10398K, committed 10624K, reserved 1058816K
  class space    used 1254K, capacity 1314K, committed 1408K, reserved 1048576K
}
Event: 3.851 GC heap before
{Heap before GC invocations=3 (full 0):
 PSYoungGen      total 28672K, used 28649K [0x00000000e0500000, 0x00000000e2500000, 0x0000000100000000)
  eden space 24576K, 100% used [0x00000000e0500000,0x00000000e1d00000,0x00000000e1d00000)
  from space 4096K, 99% used [0x00000000e2100000,0x00000000e24fa498,0x00000000e2500000)
  to   space 4096K, 0% used [0x00000000e1d00000,0x00000000e1d00000,0x00000000e2100000)
 ParOldGen       total 65536K, used 2250K [0x00000000a0e00000, 0x00000000a4e00000, 0x00000000e0500000)
  object space 65536K, 3% used [0x00000000a0e00000,0x00000000a1032ba0,0x00000000a4e00000)
 Metaspace       used 13437K, capacity 13630K, committed 13824K, reserved 1060864K
  class space    used 1682K, capacity 1778K, committed 1792K, reserved 1048576K
Event: 3.874 GC heap after
Heap after GC invocations=3 (full 0):
 PSYoungGen      total 28672K, used 4080K [0x00000000e0500000, 0x00000000e3d00000, 0x0000000100000000)
  eden space 24576K, 0% used [0x00000000e0500000,0x00000000e0500000,0x00000000e1d00000)
  from space 4096K, 99% used [0x00000000e1d00000,0x00000000e20fc050,0x00000000e2100000)
  to   space 4096K, 0% used [0x00000000e3900000,0x00000000e3900000,0x00000000e3d00000)
 ParOldGen       total 65536K, used 4439K [0x00000000a0e00000, 0x00000000a4e00000, 0x00000000e0500000)
  object space 65536K, 6% used [0x00000000a0e00000,0x00000000a1255c88,0x00000000a4e00000)
 Metaspace       used 13437K, capacity 13630K, committed 13824K, reserved 1060864K
  class space    used 1682K, capacity 1778K, committed 1792K, reserved 1048576K
}

